<?xml version="1.0" encoding="UTF-8"?>
<testng-results ignored="0" total="0" passed="0" failed="0" skipped="0">
  <reporter-output>
  </reporter-output>
  <suite started-at="2021-11-15T08:31:25Z" name="Default suite" finished-at="2021-11-15T08:32:20Z" duration-ms="55417">
    <groups>
    </groups>
    <test started-at="2021-11-15T08:31:25Z" name="Default test" finished-at="2021-11-15T08:32:20Z" duration-ms="55417">
      <class name="FrameworkScratch.AutomationAssignment.Homepage">
        <test-method is-config="true" signature="initialize()[pri:0, instance:FrameworkScratch.AutomationAssignment.Homepage@c03cf28]" started-at="2021-11-15T14:01:25Z" name="initialize" finished-at="2021-11-15T14:02:20Z" duration-ms="55338" status="PASS">
          <reporter-output>
          </reporter-output>
        </test-method> <!-- initialize -->
      </class> <!-- FrameworkScratch.AutomationAssignment.Homepage -->
    </test> <!-- Default test -->
  </suite> <!-- Default suite -->
</testng-results>
